<?xml version="1.0" encoding="UTF-8"?>
<!-- Generated by org.testng.reporters.JUnitReportReporter -->
<testsuite hostname="LAPTOP-OELBGG4K" failures="0" tests="1" name="Test.test1.Setup" time="10.317" errors="0" timestamp="16 Jul 2020 06:32:29 GMT">
  <testcase classname="Test.test1.Setup" name="basePageNavigation" time="10.317"/>
</testsuite> <!-- Test.test1.Setup -->
