<?xml version="1.0" encoding="UTF-8"?>
<!-- Generated by org.testng.reporters.JUnitReportReporter -->
<testsuite hostname="LAPTOP-OELBGG4K" failures="0" tests="1" name="Test_test1.reporttesting" time="6.841" errors="0" timestamp="17 Jul 2020 19:08:27 GMT">
  <testcase classname="Test_test1.reporttesting" name="initialdem" time="6.841"/>
</testsuite> <!-- Test_test1.reporttesting -->
