<?xml version="1.0" encoding="UTF-8"?>
<!-- Generated by org.testng.reporters.JUnitReportReporter -->
<testsuite hostname="LAPTOP-OELBGG4K" failures="0" tests="1" name="Test_test1.Setup" time="8.387" errors="0" timestamp="17 Jul 2020 19:02:14 GMT">
  <testcase classname="Test_test1.Setup" name="basePageNavigation" time="8.387"/>
</testsuite> <!-- Test_test1.Setup -->
